cabal: Entering directory '/var/folders/r2/fkb2g5z955n8j3wd2dwnhzt40000gn/T/cabal-tmp-40231/base-orphans-0.5.4'
Configuring base-orphans-0.5.4...
Building base-orphans-0.5.4...
Preprocessing library base-orphans-0.5.4...
[1 of 2] Compiling Data.Orphans.Prelude ( src/Data/Orphans/Prelude.hs, dist/dist-sandbox-a79a4d0f/build/Data/Orphans/Prelude.o )
[2 of 2] Compiling Data.Orphans     ( src/Data/Orphans.hs, dist/dist-sandbox-a79a4d0f/build/Data/Orphans.o )
[1 of 2] Compiling Data.Orphans.Prelude ( src/Data/Orphans/Prelude.hs, dist/dist-sandbox-a79a4d0f/build/Data/Orphans/Prelude.p_o )
[2 of 2] Compiling Data.Orphans     ( src/Data/Orphans.hs, dist/dist-sandbox-a79a4d0f/build/Data/Orphans.p_o )
Running Haddock for base-orphans-0.5.4...
Preprocessing library base-orphans-0.5.4...
Haddock coverage:
 100% (  1 /  1) in 'Data.Orphans.Prelude'
 100% (  1 /  1) in 'Data.Orphans'
Documentation created:
dist/dist-sandbox-a79a4d0f/doc/html/base-orphans/index.html
Creating package registration file:
/var/folders/r2/fkb2g5z955n8j3wd2dwnhzt40000gn/T/pkgConf-base-orphans-0.5571540977194847408.4
Installing library in
/Users/william/Documents/Projects/HMath/.cabal-sandbox/lib/x86_64-osx-ghc-8.0.2/base-orphans-0.5.4-ABoxiBf7nXc7Qqh66CgYc9
Registering base-orphans-0.5.4...
cabal: Leaving directory '/var/folders/r2/fkb2g5z955n8j3wd2dwnhzt40000gn/T/cabal-tmp-40231/base-orphans-0.5.4'
