cabal: Entering directory '/var/folders/r2/fkb2g5z955n8j3wd2dwnhzt40000gn/T/cabal-tmp-40233/constraints-0.9'
Configuring constraints-0.9...
Building constraints-0.9...
Preprocessing library constraints-0.9...
[1 of 7] Compiling Data.Constraint  ( src/Data/Constraint.hs, dist/dist-sandbox-a79a4d0f/build/Data/Constraint.o )
[2 of 7] Compiling Data.Constraint.Deferrable ( src/Data/Constraint/Deferrable.hs, dist/dist-sandbox-a79a4d0f/build/Data/Constraint/Deferrable.o )
[3 of 7] Compiling Data.Constraint.Forall ( src/Data/Constraint/Forall.hs, dist/dist-sandbox-a79a4d0f/build/Data/Constraint/Forall.o )
[4 of 7] Compiling Data.Constraint.Lifting ( src/Data/Constraint/Lifting.hs, dist/dist-sandbox-a79a4d0f/build/Data/Constraint/Lifting.o )
[5 of 7] Compiling Data.Constraint.Nat ( src/Data/Constraint/Nat.hs, dist/dist-sandbox-a79a4d0f/build/Data/Constraint/Nat.o )
[6 of 7] Compiling Data.Constraint.Symbol ( src/Data/Constraint/Symbol.hs, dist/dist-sandbox-a79a4d0f/build/Data/Constraint/Symbol.o )
[7 of 7] Compiling Data.Constraint.Unsafe ( src/Data/Constraint/Unsafe.hs, dist/dist-sandbox-a79a4d0f/build/Data/Constraint/Unsafe.o )
[1 of 7] Compiling Data.Constraint  ( src/Data/Constraint.hs, dist/dist-sandbox-a79a4d0f/build/Data/Constraint.p_o )
[2 of 7] Compiling Data.Constraint.Deferrable ( src/Data/Constraint/Deferrable.hs, dist/dist-sandbox-a79a4d0f/build/Data/Constraint/Deferrable.p_o )
[3 of 7] Compiling Data.Constraint.Forall ( src/Data/Constraint/Forall.hs, dist/dist-sandbox-a79a4d0f/build/Data/Constraint/Forall.p_o )
[4 of 7] Compiling Data.Constraint.Lifting ( src/Data/Constraint/Lifting.hs, dist/dist-sandbox-a79a4d0f/build/Data/Constraint/Lifting.p_o )
[5 of 7] Compiling Data.Constraint.Nat ( src/Data/Constraint/Nat.hs, dist/dist-sandbox-a79a4d0f/build/Data/Constraint/Nat.p_o )
[6 of 7] Compiling Data.Constraint.Symbol ( src/Data/Constraint/Symbol.hs, dist/dist-sandbox-a79a4d0f/build/Data/Constraint/Symbol.p_o )
[7 of 7] Compiling Data.Constraint.Unsafe ( src/Data/Constraint/Unsafe.hs, dist/dist-sandbox-a79a4d0f/build/Data/Constraint/Unsafe.p_o )
Running Haddock for constraints-0.9...
Preprocessing library constraints-0.9...
Haddock coverage:
  93% ( 25 / 27) in 'Data.Constraint'
  Missing documentation for:
    strengthen1 (src/Data/Constraint.hs:281)
    strengthen2 (src/Data/Constraint.hs:284)
  78% (  7 /  9) in 'Data.Constraint.Deferrable'
  Missing documentation for:
    UnsatisfiedConstraint (src/Data/Constraint/Deferrable.hs:54)
    deferred (src/Data/Constraint/Deferrable.hs:68)
  83% ( 10 / 12) in 'Data.Constraint.Forall'
  Missing documentation for:
    Forall1 (src/Data/Constraint/Forall.hs:152)
    forall (src/Data/Constraint/Forall.hs:190)
   0% (  0 /  3) in 'Data.Constraint.Lifting'
  Missing documentation for:
    Module header
    Lifting (src/Data/Constraint/Lifting.hs:62)
    Lifting2 (src/Data/Constraint/Lifting.hs:419)
   1% (  1 / 93) in 'Data.Constraint.Nat'
  Missing documentation for:
    Min (src/Data/Constraint/Nat.hs:48)
    Max (src/Data/Constraint/Nat.hs:49)
    Lcm (src/Data/Constraint/Nat.hs:53)
    Gcd (src/Data/Constraint/Nat.hs:52)
    Divides (src/Data/Constraint/Nat.hs:55)
    Div (src/Data/Constraint/Nat.hs:50)
    Mod (src/Data/Constraint/Nat.hs:51)
    plusNat (src/Data/Constraint/Nat.hs:101)
    timesNat (src/Data/Constraint/Nat.hs:110)
    powNat (src/Data/Constraint/Nat.hs:113)
    minNat (src/Data/Constraint/Nat.hs:104)
    maxNat (src/Data/Constraint/Nat.hs:107)
    gcdNat (src/Data/Constraint/Nat.hs:95)
    lcmNat (src/Data/Constraint/Nat.hs:98)
    divNat (src/Data/Constraint/Nat.hs:116)
    modNat (src/Data/Constraint/Nat.hs:119)
    plusZero (src/Data/Constraint/Nat.hs:122)
    timesZero (src/Data/Constraint/Nat.hs:125)
    timesOne (src/Data/Constraint/Nat.hs:128)
    powZero (src/Data/Constraint/Nat.hs:137)
    powOne (src/Data/Constraint/Nat.hs:182)
    maxZero (src/Data/Constraint/Nat.hs:134)
    minZero (src/Data/Constraint/Nat.hs:131)
    gcdZero (src/Data/Constraint/Nat.hs:83)
    gcdOne (src/Data/Constraint/Nat.hs:86)
    lcmZero (src/Data/Constraint/Nat.hs:89)
    lcmOne (src/Data/Constraint/Nat.hs:92)
    plusAssociates (src/Data/Constraint/Nat.hs:209)
    timesAssociates (src/Data/Constraint/Nat.hs:212)
    minAssociates (src/Data/Constraint/Nat.hs:215)
    maxAssociates (src/Data/Constraint/Nat.hs:218)
    gcdAssociates (src/Data/Constraint/Nat.hs:221)
    lcmAssociates (src/Data/Constraint/Nat.hs:224)
    plusCommutes (src/Data/Constraint/Nat.hs:197)
    timesCommutes (src/Data/Constraint/Nat.hs:200)
    minCommutes (src/Data/Constraint/Nat.hs:203)
    maxCommutes (src/Data/Constraint/Nat.hs:206)
    gcdCommutes (src/Data/Constraint/Nat.hs:77)
    lcmCommutes (src/Data/Constraint/Nat.hs:80)
    plusDistributesOverTimes (src/Data/Constraint/Nat.hs:269)
    timesDistributesOverPow (src/Data/Constraint/Nat.hs:272)
    timesDistributesOverGcd (src/Data/Constraint/Nat.hs:275)
    timesDistributesOverLcm (src/Data/Constraint/Nat.hs:278)
    minDistributesOverPlus (src/Data/Constraint/Nat.hs:239)
    minDistributesOverTimes (src/Data/Constraint/Nat.hs:242)
    minDistributesOverPow1 (src/Data/Constraint/Nat.hs:245)
    minDistributesOverPow2 (src/Data/Constraint/Nat.hs:248)
    minDistributesOverMax (src/Data/Constraint/Nat.hs:251)
    maxDistributesOverPlus (src/Data/Constraint/Nat.hs:254)
    maxDistributesOverTimes (src/Data/Constraint/Nat.hs:257)
    maxDistributesOverPow1 (src/Data/Constraint/Nat.hs:260)
    maxDistributesOverPow2 (src/Data/Constraint/Nat.hs:263)
    maxDistributesOverMin (src/Data/Constraint/Nat.hs:266)
    gcdDistributesOverLcm (src/Data/Constraint/Nat.hs:287)
    lcmDistributesOverGcd (src/Data/Constraint/Nat.hs:290)
    minIsIdempotent (src/Data/Constraint/Nat.hs:227)
    maxIsIdempotent (src/Data/Constraint/Nat.hs:230)
    lcmIsIdempotent (src/Data/Constraint/Nat.hs:236)
    gcdIsIdempotent (src/Data/Constraint/Nat.hs:233)
    plusIsCancellative (src/Data/Constraint/Nat.hs:281)
    timesIsCancellative (src/Data/Constraint/Nat.hs:284)
    dividesPlus (src/Data/Constraint/Nat.hs:293)
    dividesTimes (src/Data/Constraint/Nat.hs:296)
    dividesMin (src/Data/Constraint/Nat.hs:299)
    dividesMax (src/Data/Constraint/Nat.hs:302)
    dividesPow (src/Data/Constraint/Nat.hs:308)
    dividesGcd (src/Data/Constraint/Nat.hs:71)
    dividesLcm (src/Data/Constraint/Nat.hs:74)
    plusMonotone1 (src/Data/Constraint/Nat.hs:146)
    plusMonotone2 (src/Data/Constraint/Nat.hs:149)
    timesMonotone1 (src/Data/Constraint/Nat.hs:164)
    timesMonotone2 (src/Data/Constraint/Nat.hs:167)
    powMonotone1 (src/Data/Constraint/Nat.hs:152)
    powMonotone2 (src/Data/Constraint/Nat.hs:155)
    minMonotone1 (src/Data/Constraint/Nat.hs:170)
    minMonotone2 (src/Data/Constraint/Nat.hs:173)
    maxMonotone1 (src/Data/Constraint/Nat.hs:176)
    maxMonotone2 (src/Data/Constraint/Nat.hs:179)
    divMonotone1 (src/Data/Constraint/Nat.hs:158)
    divMonotone2 (src/Data/Constraint/Nat.hs:161)
    euclideanNat (src/Data/Constraint/Nat.hs:194)
    plusMod (src/Data/Constraint/Nat.hs:185)
    timesMod (src/Data/Constraint/Nat.hs:188)
    modBound (src/Data/Constraint/Nat.hs:191)
    dividesDef (src/Data/Constraint/Nat.hs:305)
    timesDiv (src/Data/Constraint/Nat.hs:311)
    eqLe (src/Data/Constraint/Nat.hs:68)
    leEq (src/Data/Constraint/Nat.hs:319)
    leId (src/Data/Constraint/Nat.hs:316)
    leTrans (src/Data/Constraint/Nat.hs:322)
    leZero (src/Data/Constraint/Nat.hs:140)
    zeroLe (src/Data/Constraint/Nat.hs:143)
   4% (  1 / 23) in 'Data.Constraint.Symbol'
  Missing documentation for:
    ++ (src/Data/Constraint/Symbol.hs:44)
    Take (src/Data/Constraint/Symbol.hs:45)
    Drop (src/Data/Constraint/Symbol.hs:46)
    Length (src/Data/Constraint/Symbol.hs:47)
    appendSymbol (src/Data/Constraint/Symbol.hs:67)
    appendUnit1 (src/Data/Constraint/Symbol.hs:70)
    appendUnit2 (src/Data/Constraint/Symbol.hs:73)
    appendAssociates (src/Data/Constraint/Symbol.hs:76)
    takeSymbol (src/Data/Constraint/Symbol.hs:79)
    dropSymbol (src/Data/Constraint/Symbol.hs:82)
    takeAppendDrop (src/Data/Constraint/Symbol.hs:85)
    lengthSymbol (src/Data/Constraint/Symbol.hs:88)
    takeLength (src/Data/Constraint/Symbol.hs:91)
    take0 (src/Data/Constraint/Symbol.hs:94)
    takeEmpty (src/Data/Constraint/Symbol.hs:97)
    dropLength (src/Data/Constraint/Symbol.hs:100)
    drop0 (src/Data/Constraint/Symbol.hs:103)
    dropEmpty (src/Data/Constraint/Symbol.hs:106)
    lengthTake (src/Data/Constraint/Symbol.hs:109)
    lengthDrop (src/Data/Constraint/Symbol.hs:112)
    dropDrop (src/Data/Constraint/Symbol.hs:115)
    takeTake (src/Data/Constraint/Symbol.hs:118)
 100% (  8 /  8) in 'Data.Constraint.Unsafe'
Warning: Data.Constraint: could not find link destinations for:
    ~ ForallV' no
Warning: Data.Constraint.Deferrable: could not find link destinations for:
    ~
Warning: Data.Constraint.Forall: could not find link destinations for:
    ComposeC Q ~ ForallV'
Warning: Data.Constraint.Nat: could not find link destinations for:
    ~
Warning: Data.Constraint.Symbol: could not find link destinations for:
    ~
Documentation created:
dist/dist-sandbox-a79a4d0f/doc/html/constraints/index.html
Creating package registration file:
/var/folders/r2/fkb2g5z955n8j3wd2dwnhzt40000gn/T/pkgConf-constraints-011909597451912844175.9
Installing library in
/Users/william/Documents/Projects/HMath/.cabal-sandbox/lib/x86_64-osx-ghc-8.0.2/constraints-0.9-41dY9XHLrw929Ij8lumCG9
Registering constraints-0.9...
cabal: Leaving directory '/var/folders/r2/fkb2g5z955n8j3wd2dwnhzt40000gn/T/cabal-tmp-40233/constraints-0.9'
