cabal: Entering directory '/var/folders/r2/fkb2g5z955n8j3wd2dwnhzt40000gn/T/cabal-tmp-40230/contravariant-1.4'
Configuring contravariant-1.4...
Building contravariant-1.4...
Preprocessing library contravariant-1.4...
[1 of 4] Compiling Data.Functor.Contravariant ( src/Data/Functor/Contravariant.hs, dist/dist-sandbox-a79a4d0f/build/Data/Functor/Contravariant.o )
[2 of 4] Compiling Data.Functor.Contravariant.Divisible ( src/Data/Functor/Contravariant/Divisible.hs, dist/dist-sandbox-a79a4d0f/build/Data/Functor/Contravariant/Divisible.o )
[3 of 4] Compiling Data.Functor.Contravariant.Compose ( src/Data/Functor/Contravariant/Compose.hs, dist/dist-sandbox-a79a4d0f/build/Data/Functor/Contravariant/Compose.o )
[4 of 4] Compiling Data.Functor.Contravariant.Generic ( src/Data/Functor/Contravariant/Generic.hs, dist/dist-sandbox-a79a4d0f/build/Data/Functor/Contravariant/Generic.o )
[1 of 4] Compiling Data.Functor.Contravariant ( src/Data/Functor/Contravariant.hs, dist/dist-sandbox-a79a4d0f/build/Data/Functor/Contravariant.p_o )
[2 of 4] Compiling Data.Functor.Contravariant.Divisible ( src/Data/Functor/Contravariant/Divisible.hs, dist/dist-sandbox-a79a4d0f/build/Data/Functor/Contravariant/Divisible.p_o )
[3 of 4] Compiling Data.Functor.Contravariant.Compose ( src/Data/Functor/Contravariant/Compose.hs, dist/dist-sandbox-a79a4d0f/build/Data/Functor/Contravariant/Compose.p_o )
[4 of 4] Compiling Data.Functor.Contravariant.Generic ( src/Data/Functor/Contravariant/Generic.hs, dist/dist-sandbox-a79a4d0f/build/Data/Functor/Contravariant/Generic.p_o )
Running Haddock for contravariant-1.4...
Preprocessing library contravariant-1.4...
Haddock coverage:
  89% ( 17 / 19) in 'Data.Functor.Contravariant'
  Missing documentation for:
    Predicate (src/Data/Functor/Contravariant.hs:278)
    comparisonEquivalence (src/Data/Functor/Contravariant.hs:362)
 100% ( 10 / 10) in 'Data.Functor.Contravariant.Divisible'
 100% (  4 /  4) in 'Data.Functor.Contravariant.Compose'
 100% (  3 /  3) in 'Data.Functor.Contravariant.Generic'
Warning: Data.Functor.Contravariant.Generic: could not find link destinations for:
    GDeciding GDeciding1
Documentation created:
dist/dist-sandbox-a79a4d0f/doc/html/contravariant/index.html
Creating package registration file:
/var/folders/r2/fkb2g5z955n8j3wd2dwnhzt40000gn/T/pkgConf-contravariant-110120281441086531968.4
Installing library in
/Users/william/Documents/Projects/HMath/.cabal-sandbox/lib/x86_64-osx-ghc-8.0.2/contravariant-1.4-1xs7TZMuMVV4IdRVWi0MIC
Registering contravariant-1.4...
cabal: Leaving directory '/var/folders/r2/fkb2g5z955n8j3wd2dwnhzt40000gn/T/cabal-tmp-40230/contravariant-1.4'
