cabal: Entering directory '/var/folders/r2/fkb2g5z955n8j3wd2dwnhzt40000gn/T/cabal-tmp-40231/data-default-instances-containers-0.0.1'
Configuring data-default-instances-containers-0.0.1...
Building data-default-instances-containers-0.0.1...
Preprocessing library data-default-instances-containers-0.0.1...
[1 of 1] Compiling Data.Default.Instances.Containers ( Data/Default/Instances/Containers.hs, dist/dist-sandbox-a79a4d0f/build/Data/Default/Instances/Containers.o )
[1 of 1] Compiling Data.Default.Instances.Containers ( Data/Default/Instances/Containers.hs, dist/dist-sandbox-a79a4d0f/build/Data/Default/Instances/Containers.p_o )
Running Haddock for data-default-instances-containers-0.0.1...
Preprocessing library data-default-instances-containers-0.0.1...
Haddock coverage:
  50% (  1 /  2) in 'Data.Default.Instances.Containers'
  Missing documentation for:
    Module header
Documentation created:
dist/dist-sandbox-a79a4d0f/doc/html/data-default-instances-containers/index.html
Creating package registration file:
/var/folders/r2/fkb2g5z955n8j3wd2dwnhzt40000gn/T/pkgConf-data-default-instances-containers-0.09964979722063936098.1
Installing library in
/Users/william/Documents/Projects/HMath/.cabal-sandbox/lib/x86_64-osx-ghc-8.0.2/data-default-instances-containers-0.0.1-bob6IQGdJq92c061H46zK
Registering data-default-instances-containers-0.0.1...
cabal: Leaving directory '/var/folders/r2/fkb2g5z955n8j3wd2dwnhzt40000gn/T/cabal-tmp-40231/data-default-instances-containers-0.0.1'
