cabal: Entering directory '/var/folders/r2/fkb2g5z955n8j3wd2dwnhzt40000gn/T/cabal-tmp-40232/data-default-instances-old-locale-0.0.1'
Configuring data-default-instances-old-locale-0.0.1...
Building data-default-instances-old-locale-0.0.1...
Preprocessing library data-default-instances-old-locale-0.0.1...
[1 of 1] Compiling Data.Default.Instances.OldLocale ( Data/Default/Instances/OldLocale.hs, dist/dist-sandbox-a79a4d0f/build/Data/Default/Instances/OldLocale.o )
[1 of 1] Compiling Data.Default.Instances.OldLocale ( Data/Default/Instances/OldLocale.hs, dist/dist-sandbox-a79a4d0f/build/Data/Default/Instances/OldLocale.p_o )
Running Haddock for data-default-instances-old-locale-0.0.1...
Preprocessing library data-default-instances-old-locale-0.0.1...
Haddock coverage:
  50% (  1 /  2) in 'Data.Default.Instances.OldLocale'
  Missing documentation for:
    Module header
Documentation created:
dist/dist-sandbox-a79a4d0f/doc/html/data-default-instances-old-locale/index.html
Creating package registration file:
/var/folders/r2/fkb2g5z955n8j3wd2dwnhzt40000gn/T/pkgConf-data-default-instances-old-locale-0.013349489051724586126.1
Installing library in
/Users/william/Documents/Projects/HMath/.cabal-sandbox/lib/x86_64-osx-ghc-8.0.2/data-default-instances-old-locale-0.0.1-9zaGDEmgOixKkmLylWdN5l
Registering data-default-instances-old-locale-0.0.1...
cabal: Leaving directory '/var/folders/r2/fkb2g5z955n8j3wd2dwnhzt40000gn/T/cabal-tmp-40232/data-default-instances-old-locale-0.0.1'
