cabal: Entering directory '/var/folders/r2/fkb2g5z955n8j3wd2dwnhzt40000gn/T/cabal-tmp-40234/data-default-class-0.1.2.0'
Configuring data-default-class-0.1.2.0...
Building data-default-class-0.1.2.0...
Preprocessing library data-default-class-0.1.2.0...
[1 of 1] Compiling Data.Default.Class ( Data/Default/Class.hs, dist/dist-sandbox-a79a4d0f/build/Data/Default/Class.o )
[1 of 1] Compiling Data.Default.Class ( Data/Default/Class.hs, dist/dist-sandbox-a79a4d0f/build/Data/Default/Class.p_o )
Running Haddock for data-default-class-0.1.2.0...
Preprocessing library data-default-class-0.1.2.0...
Haddock coverage:
  67% (  2 /  3) in 'Data.Default.Class'
  Missing documentation for:
    Module header
Warning: Data.Default.Class: could not find link destinations for:
    GDefault
Documentation created:
dist/dist-sandbox-a79a4d0f/doc/html/data-default-class/index.html
Creating package registration file:
/var/folders/r2/fkb2g5z955n8j3wd2dwnhzt40000gn/T/pkgConf-data-default-class-0.1.212694067521816731566.0
Installing library in
/Users/william/Documents/Projects/HMath/.cabal-sandbox/lib/x86_64-osx-ghc-8.0.2/data-default-class-0.1.2.0-GsXqKN6o1X9jr0fF5qCVD
Registering data-default-class-0.1.2.0...
cabal: Leaving directory '/var/folders/r2/fkb2g5z955n8j3wd2dwnhzt40000gn/T/cabal-tmp-40234/data-default-class-0.1.2.0'
