cabal: Entering directory '/var/folders/r2/fkb2g5z955n8j3wd2dwnhzt40000gn/T/cabal-tmp-40232/data-binary-ieee754-0.4.4'
Configuring data-binary-ieee754-0.4.4...
Building data-binary-ieee754-0.4.4...
Preprocessing library data-binary-ieee754-0.4.4...
[1 of 1] Compiling Data.Binary.IEEE754 ( lib/Data/Binary/IEEE754.hs, dist/dist-sandbox-a79a4d0f/build/Data/Binary/IEEE754.o )

lib/Data/Binary/IEEE754.hs:12:1: warning: [-Wtabs]
    Tab character found here, and in 70 further locations.
    Please use spaces instead.
[1 of 1] Compiling Data.Binary.IEEE754 ( lib/Data/Binary/IEEE754.hs, dist/dist-sandbox-a79a4d0f/build/Data/Binary/IEEE754.p_o )

lib/Data/Binary/IEEE754.hs:12:1: warning: [-Wtabs]
    Tab character found here, and in 70 further locations.
    Please use spaces instead.
Running Haddock for data-binary-ieee754-0.4.4...
Preprocessing library data-binary-ieee754-0.4.4...

lib/Data/Binary/IEEE754.hs:12:1: warning: [-Wtabs]
    Tab character found here, and in 70 further locations.
    Please use spaces instead.
Haddock coverage:
  22% (  4 / 18) in 'Data.Binary.IEEE754'
  Missing documentation for:
    getFloat16be (lib/Data/Binary/IEEE754.hs:34)
    getFloat16le (lib/Data/Binary/IEEE754.hs:37)
    getFloat32be (lib/Data/Binary/IEEE754.hs:40)
    getFloat32le (lib/Data/Binary/IEEE754.hs:43)
    getFloat64be (lib/Data/Binary/IEEE754.hs:46)
    getFloat64le (lib/Data/Binary/IEEE754.hs:49)
    putFloat32be (lib/Data/Binary/IEEE754.hs:52)
    putFloat32le (lib/Data/Binary/IEEE754.hs:55)
    putFloat64be (lib/Data/Binary/IEEE754.hs:58)
    putFloat64le (lib/Data/Binary/IEEE754.hs:61)
    floatToWord (lib/Data/Binary/IEEE754.hs:64)
    wordToFloat (lib/Data/Binary/IEEE754.hs:67)
    doubleToWord (lib/Data/Binary/IEEE754.hs:70)
    wordToDouble (lib/Data/Binary/IEEE754.hs:73)
Documentation created:
dist/dist-sandbox-a79a4d0f/doc/html/data-binary-ieee754/index.html
Creating package registration file:
/var/folders/r2/fkb2g5z955n8j3wd2dwnhzt40000gn/T/pkgConf-data-binary-ieee754-0.415810301051557810404.4
Installing library in
/Users/william/Documents/Projects/HMath/.cabal-sandbox/lib/x86_64-osx-ghc-8.0.2/data-binary-ieee754-0.4.4-7iiF2mP1jcB6tVSPgIyBOi
Registering data-binary-ieee754-0.4.4...
cabal: Leaving directory '/var/folders/r2/fkb2g5z955n8j3wd2dwnhzt40000gn/T/cabal-tmp-40232/data-binary-ieee754-0.4.4'
