cabal: Entering directory '/var/folders/r2/fkb2g5z955n8j3wd2dwnhzt40000gn/T/cabal-tmp-40234/data-default-instances-dlist-0.0.1'
Configuring data-default-instances-dlist-0.0.1...
Building data-default-instances-dlist-0.0.1...
Preprocessing library data-default-instances-dlist-0.0.1...
[1 of 1] Compiling Data.Default.Instances.DList ( Data/Default/Instances/DList.hs, dist/dist-sandbox-a79a4d0f/build/Data/Default/Instances/DList.o )
[1 of 1] Compiling Data.Default.Instances.DList ( Data/Default/Instances/DList.hs, dist/dist-sandbox-a79a4d0f/build/Data/Default/Instances/DList.p_o )
Running Haddock for data-default-instances-dlist-0.0.1...
Preprocessing library data-default-instances-dlist-0.0.1...
Haddock coverage:
  50% (  1 /  2) in 'Data.Default.Instances.DList'
  Missing documentation for:
    Module header
Documentation created:
dist/dist-sandbox-a79a4d0f/doc/html/data-default-instances-dlist/index.html
Creating package registration file:
/var/folders/r2/fkb2g5z955n8j3wd2dwnhzt40000gn/T/pkgConf-data-default-instances-dlist-0.05322361231023129506.1
Installing library in
/Users/william/Documents/Projects/HMath/.cabal-sandbox/lib/x86_64-osx-ghc-8.0.2/data-default-instances-dlist-0.0.1-FKnZBeovJMk4M89wQxDhjl
Registering data-default-instances-dlist-0.0.1...
cabal: Leaving directory '/var/folders/r2/fkb2g5z955n8j3wd2dwnhzt40000gn/T/cabal-tmp-40234/data-default-instances-dlist-0.0.1'
