cabal: Entering directory '/var/folders/r2/fkb2g5z955n8j3wd2dwnhzt40000gn/T/cabal-tmp-11818/exceptions-0.8.3'
Configuring exceptions-0.8.3...
Building exceptions-0.8.3...
Preprocessing library exceptions-0.8.3...
[1 of 2] Compiling Control.Monad.Catch ( src/Control/Monad/Catch.hs, dist/dist-sandbox-a79a4d0f/build/Control/Monad/Catch.o )
[2 of 2] Compiling Control.Monad.Catch.Pure ( src/Control/Monad/Catch/Pure.hs, dist/dist-sandbox-a79a4d0f/build/Control/Monad/Catch/Pure.o )
[1 of 2] Compiling Control.Monad.Catch ( src/Control/Monad/Catch.hs, dist/dist-sandbox-a79a4d0f/build/Control/Monad/Catch.p_o )
[2 of 2] Compiling Control.Monad.Catch.Pure ( src/Control/Monad/Catch/Pure.hs, dist/dist-sandbox-a79a4d0f/build/Control/Monad/Catch/Pure.p_o )
Running Haddock for exceptions-0.8.3...
Preprocessing library exceptions-0.8.3...
Haddock coverage:
 100% ( 31 / 31) in 'Control.Monad.Catch'
  80% (  8 / 10) in 'Control.Monad.Catch.Pure'
  Missing documentation for:
    Catch (src/Control/Monad/Catch/Pure.hs:95)
    runCatch (src/Control/Monad/Catch/Pure.hs:97)
Warning: Control.Monad.Catch: could not find link destinations for:
    ~
Documentation created:
dist/dist-sandbox-a79a4d0f/doc/html/exceptions/index.html
Creating package registration file:
/var/folders/r2/fkb2g5z955n8j3wd2dwnhzt40000gn/T/pkgConf-exceptions-0.8178448449274243042.3
Installing library in
/Users/william/Documents/Projects/HMath/.cabal-sandbox/lib/x86_64-osx-ghc-8.0.2/exceptions-0.8.3-74UMKX8an841ULC0nHtYN7
Registering exceptions-0.8.3...
cabal: Leaving directory '/var/folders/r2/fkb2g5z955n8j3wd2dwnhzt40000gn/T/cabal-tmp-11818/exceptions-0.8.3'
