cabal: Entering directory '/var/folders/r2/fkb2g5z955n8j3wd2dwnhzt40000gn/T/cabal-tmp-12684/hspec-discover-2.4.1'
Configuring hspec-discover-2.4.1...
Building hspec-discover-2.4.1...
Preprocessing library hspec-discover-2.4.1...
[1 of 2] Compiling Test.Hspec.Discover.Config ( src/Test/Hspec/Discover/Config.hs, dist/dist-sandbox-a79a4d0f/build/Test/Hspec/Discover/Config.o )
[2 of 2] Compiling Test.Hspec.Discover.Run ( src/Test/Hspec/Discover/Run.hs, dist/dist-sandbox-a79a4d0f/build/Test/Hspec/Discover/Run.o )
[1 of 2] Compiling Test.Hspec.Discover.Config ( src/Test/Hspec/Discover/Config.hs, dist/dist-sandbox-a79a4d0f/build/Test/Hspec/Discover/Config.p_o )
[2 of 2] Compiling Test.Hspec.Discover.Run ( src/Test/Hspec/Discover/Run.hs, dist/dist-sandbox-a79a4d0f/build/Test/Hspec/Discover/Run.p_o )
Preprocessing executable 'hspec-discover' for hspec-discover-2.4.1...
[1 of 1] Compiling Main             ( driver/hspec-discover.hs, dist/dist-sandbox-a79a4d0f/build/hspec-discover/hspec-discover-tmp/Main.o )
Linking dist/dist-sandbox-a79a4d0f/build/hspec-discover/hspec-discover ...
Running Haddock for hspec-discover-2.4.1...
Preprocessing library hspec-discover-2.4.1...
Haddock coverage:
  20% (  1 /  5) in 'Test.Hspec.Discover.Config'
  Missing documentation for:
    Config (src/Test/Hspec/Discover/Config.hs:14)
    defaultConfig (src/Test/Hspec/Discover/Config.hs:21)
    parseConfig (src/Test/Hspec/Discover/Config.hs:35)
    usage (src/Test/Hspec/Discover/Config.hs:32)
  40% (  4 / 10) in 'Test.Hspec.Discover.Run'
  Missing documentation for:
    run (src/Test/Hspec/Discover/Run.hs:42)
    Spec (src/Test/Hspec/Discover/Run.hs:37)
    fileToSpec (src/Test/Hspec/Discover/Run.hs:124)
    findSpecs (src/Test/Hspec/Discover/Run.hs:119)
    getFilesRecursive (src/Test/Hspec/Discover/Run.hs:143)
    driverWithFormatter (src/Test/Hspec/Discover/Run.hs:88)
Documentation created:
dist/dist-sandbox-a79a4d0f/doc/html/hspec-discover/index.html
Preprocessing executable 'hspec-discover' for hspec-discover-2.4.1...
Creating package registration file:
/var/folders/r2/fkb2g5z955n8j3wd2dwnhzt40000gn/T/pkgConf-hspec-discover-2.48965443031474833169.1
Installing library in
/Users/william/Documents/Projects/HMath/.cabal-sandbox/lib/x86_64-osx-ghc-8.0.2/hspec-discover-2.4.1-DR9FoC7k9LOJryAcnoBq58
Installing executable(s) in
/Users/william/Documents/Projects/HMath/.cabal-sandbox/bin
Registering hspec-discover-2.4.1...
cabal: Leaving directory '/var/folders/r2/fkb2g5z955n8j3wd2dwnhzt40000gn/T/cabal-tmp-12684/hspec-discover-2.4.1'
