cabal: Entering directory '/var/folders/r2/fkb2g5z955n8j3wd2dwnhzt40000gn/T/cabal-tmp-40231/kan-extensions-5.0.1'
Configuring kan-extensions-5.0.1...
Building kan-extensions-5.0.1...
Preprocessing library kan-extensions-5.0.1...
[ 1 of 12] Compiling Data.Functor.Kan.Ran ( src/Data/Functor/Kan/Ran.hs, dist/dist-sandbox-a79a4d0f/build/Data/Functor/Kan/Ran.o )
[ 2 of 12] Compiling Data.Functor.Yoneda ( src/Data/Functor/Yoneda.hs, dist/dist-sandbox-a79a4d0f/build/Data/Functor/Yoneda.o )
[ 3 of 12] Compiling Data.Functor.Kan.Lan ( src/Data/Functor/Kan/Lan.hs, dist/dist-sandbox-a79a4d0f/build/Data/Functor/Kan/Lan.o )
[ 4 of 12] Compiling Data.Functor.Day ( src/Data/Functor/Day.hs, dist/dist-sandbox-a79a4d0f/build/Data/Functor/Day.o )
[ 5 of 12] Compiling Data.Functor.Day.Curried ( src/Data/Functor/Day/Curried.hs, dist/dist-sandbox-a79a4d0f/build/Data/Functor/Day/Curried.o )
[ 6 of 12] Compiling Data.Functor.Coyoneda ( src/Data/Functor/Coyoneda.hs, dist/dist-sandbox-a79a4d0f/build/Data/Functor/Coyoneda.o )
[ 7 of 12] Compiling Data.Functor.Contravariant.Yoneda ( src/Data/Functor/Contravariant/Yoneda.hs, dist/dist-sandbox-a79a4d0f/build/Data/Functor/Contravariant/Yoneda.o )
[ 8 of 12] Compiling Data.Functor.Contravariant.Day ( src/Data/Functor/Contravariant/Day.hs, dist/dist-sandbox-a79a4d0f/build/Data/Functor/Contravariant/Day.o )
[ 9 of 12] Compiling Data.Functor.Contravariant.Coyoneda ( src/Data/Functor/Contravariant/Coyoneda.hs, dist/dist-sandbox-a79a4d0f/build/Data/Functor/Contravariant/Coyoneda.o )
[10 of 12] Compiling Control.Monad.Codensity ( src/Control/Monad/Codensity.hs, dist/dist-sandbox-a79a4d0f/build/Control/Monad/Codensity.o )
[11 of 12] Compiling Control.Comonad.Density ( src/Control/Comonad/Density.hs, dist/dist-sandbox-a79a4d0f/build/Control/Comonad/Density.o )
[12 of 12] Compiling Control.Monad.Co ( src/Control/Monad/Co.hs, dist/dist-sandbox-a79a4d0f/build/Control/Monad/Co.o )
[ 1 of 12] Compiling Data.Functor.Kan.Ran ( src/Data/Functor/Kan/Ran.hs, dist/dist-sandbox-a79a4d0f/build/Data/Functor/Kan/Ran.p_o )
[ 2 of 12] Compiling Data.Functor.Yoneda ( src/Data/Functor/Yoneda.hs, dist/dist-sandbox-a79a4d0f/build/Data/Functor/Yoneda.p_o )
[ 3 of 12] Compiling Data.Functor.Kan.Lan ( src/Data/Functor/Kan/Lan.hs, dist/dist-sandbox-a79a4d0f/build/Data/Functor/Kan/Lan.p_o )
[ 4 of 12] Compiling Data.Functor.Day ( src/Data/Functor/Day.hs, dist/dist-sandbox-a79a4d0f/build/Data/Functor/Day.p_o )
[ 5 of 12] Compiling Data.Functor.Day.Curried ( src/Data/Functor/Day/Curried.hs, dist/dist-sandbox-a79a4d0f/build/Data/Functor/Day/Curried.p_o )
[ 6 of 12] Compiling Data.Functor.Coyoneda ( src/Data/Functor/Coyoneda.hs, dist/dist-sandbox-a79a4d0f/build/Data/Functor/Coyoneda.p_o )
[ 7 of 12] Compiling Data.Functor.Contravariant.Yoneda ( src/Data/Functor/Contravariant/Yoneda.hs, dist/dist-sandbox-a79a4d0f/build/Data/Functor/Contravariant/Yoneda.p_o )
[ 8 of 12] Compiling Data.Functor.Contravariant.Day ( src/Data/Functor/Contravariant/Day.hs, dist/dist-sandbox-a79a4d0f/build/Data/Functor/Contravariant/Day.p_o )
[ 9 of 12] Compiling Data.Functor.Contravariant.Coyoneda ( src/Data/Functor/Contravariant/Coyoneda.hs, dist/dist-sandbox-a79a4d0f/build/Data/Functor/Contravariant/Coyoneda.p_o )
[10 of 12] Compiling Control.Monad.Codensity ( src/Control/Monad/Codensity.hs, dist/dist-sandbox-a79a4d0f/build/Control/Monad/Codensity.p_o )
[11 of 12] Compiling Control.Comonad.Density ( src/Control/Comonad/Density.hs, dist/dist-sandbox-a79a4d0f/build/Control/Comonad/Density.p_o )
[12 of 12] Compiling Control.Monad.Co ( src/Control/Monad/Co.hs, dist/dist-sandbox-a79a4d0f/build/Control/Monad/Co.p_o )
Running Haddock for kan-extensions-5.0.1...
Preprocessing library kan-extensions-5.0.1...
Haddock coverage:
  53% (  8 / 15) in 'Data.Functor.Kan.Ran'
  Missing documentation for:
    decomposeRan (src/Data/Functor/Kan/Ran.hs:117)
    ranToAdjoint (src/Data/Functor/Kan/Ran.hs:131)
    composedAdjointToRan (src/Data/Functor/Kan/Ran.hs:145)
    repToRan (src/Data/Functor/Kan/Ran.hs:154)
    ranToRep (src/Data/Functor/Kan/Ran.hs:158)
    composedRepToRan (src/Data/Functor/Kan/Ran.hs:166)
    ranToComposedRep (src/Data/Functor/Kan/Ran.hs:162)
  45% (  5 / 11) in 'Data.Functor.Yoneda'
  Missing documentation for:
    lowerYoneda (src/Data/Functor/Yoneda.hs:86)
    maxF (src/Data/Functor/Yoneda.hs:160)
    minF (src/Data/Functor/Yoneda.hs:165)
    maxM (src/Data/Functor/Yoneda.hs:170)
    minM (src/Data/Functor/Yoneda.hs:175)
    ranToYoneda (src/Data/Functor/Yoneda.hs:101)
  75% (  9 / 12) in 'Data.Functor.Kan.Lan'
  Missing documentation for:
    decomposeLan (src/Data/Functor/Kan/Lan.hs:108)
    lanToAdjoint (src/Data/Functor/Kan/Lan.hs:80)
    composedAdjointToLan (src/Data/Functor/Kan/Lan.hs:94)
 100% ( 13 / 13) in 'Data.Functor.Day'
  93% ( 13 / 14) in 'Data.Functor.Day.Curried'
  Missing documentation for:
    Curried (src/Data/Functor/Day/Curried.hs:41)
  88% (  7 /  8) in 'Data.Functor.Coyoneda'
  Missing documentation for:
    lanToCoyoneda (src/Data/Functor/Coyoneda.hs:76)
  75% (  3 /  4) in 'Data.Functor.Contravariant.Yoneda'
  Missing documentation for:
    lowerYoneda (src/Data/Functor/Contravariant/Yoneda.hs:43)
 100% ( 14 / 14) in 'Data.Functor.Contravariant.Day'
 100% (  4 /  4) in 'Data.Functor.Contravariant.Coyoneda'
  80% (  8 / 10) in 'Control.Monad.Codensity'
  Missing documentation for:
    adjunctionToCodensity (src/Control/Monad/Codensity.hs:163)
    ranToCodensity (src/Control/Monad/Codensity.hs:204)
  57% (  4 /  7) in 'Control.Comonad.Density'
  Missing documentation for:
    Density (src/Control/Comonad/Density.hs:40)
    adjunctionToDensity (src/Control/Comonad/Density.hs:96)
    densityToLan (src/Control/Comonad/Density.hs:111)
  21% (  5 / 24) in 'Control.Monad.Co'
  Missing documentation for:
    Co (src/Control/Monad/Co.hs:76)
    co (src/Control/Monad/Co.hs:78)
    runCo (src/Control/Monad/Co.hs:81)
    liftCoT0 (src/Control/Monad/Co.hs:113)
    liftCoT0M (src/Control/Monad/Co.hs:149)
    lowerCoT0 (src/Control/Monad/Co.hs:116)
    lowerCo0 (src/Control/Monad/Co.hs:119)
    liftCoT1 (src/Control/Monad/Co.hs:122)
    liftCoT1M (src/Control/Monad/Co.hs:152)
    lowerCoT1 (src/Control/Monad/Co.hs:125)
    lowerCo1 (src/Control/Monad/Co.hs:128)
    diter (src/Control/Monad/Co.hs:155)
    dctrlM (src/Control/Monad/Co.hs:158)
    posW (src/Control/Monad/Co.hs:131)
    peekW (src/Control/Monad/Co.hs:134)
    peeksW (src/Control/Monad/Co.hs:137)
    askW (src/Control/Monad/Co.hs:140)
    asksW (src/Control/Monad/Co.hs:143)
    traceW (src/Control/Monad/Co.hs:146)
Warning: Data.Functor.Day.Curried: could not find link destinations for:
    ~
Documentation created:
dist/dist-sandbox-a79a4d0f/doc/html/kan-extensions/index.html
Creating package registration file:
/var/folders/r2/fkb2g5z955n8j3wd2dwnhzt40000gn/T/pkgConf-kan-extensions-5.0459244054458588260.1
Installing library in
/Users/william/Documents/Projects/HMath/.cabal-sandbox/lib/x86_64-osx-ghc-8.0.2/kan-extensions-5.0.1-3QOvOlYGvejGb8dYsqLfQK
Registering kan-extensions-5.0.1...
cabal: Leaving directory '/var/folders/r2/fkb2g5z955n8j3wd2dwnhzt40000gn/T/cabal-tmp-40231/kan-extensions-5.0.1'
