cabal: Entering directory '/var/folders/r2/fkb2g5z955n8j3wd2dwnhzt40000gn/T/cabal-tmp-40236/old-locale-1.0.0.7'
Configuring old-locale-1.0.0.7...
Building old-locale-1.0.0.7...
Preprocessing library old-locale-1.0.0.7...
[1 of 1] Compiling System.Locale    ( System/Locale.hs, dist/dist-sandbox-a79a4d0f/build/System/Locale.o )
[1 of 1] Compiling System.Locale    ( System/Locale.hs, dist/dist-sandbox-a79a4d0f/build/System/Locale.p_o )
Running Haddock for old-locale-1.0.0.7...
Preprocessing library old-locale-1.0.0.7...
Haddock coverage:
  60% (  3 /  5) in 'System.Locale'
  Missing documentation for:
    TimeLocale (System/Locale.hs:36)
    defaultTimeLocale (System/Locale.hs:49)
Documentation created:
dist/dist-sandbox-a79a4d0f/doc/html/old-locale/index.html
Creating package registration file:
/var/folders/r2/fkb2g5z955n8j3wd2dwnhzt40000gn/T/pkgConf-old-locale-1.0.011538515011004844897.7
Installing library in
/Users/william/Documents/Projects/HMath/.cabal-sandbox/lib/x86_64-osx-ghc-8.0.2/old-locale-1.0.0.7-KGBP1BSKxH5GCm0LnZP04j
Registering old-locale-1.0.0.7...
cabal: Leaving directory '/var/folders/r2/fkb2g5z955n8j3wd2dwnhzt40000gn/T/cabal-tmp-40236/old-locale-1.0.0.7'
