cabal: Entering directory '/var/folders/r2/fkb2g5z955n8j3wd2dwnhzt40000gn/T/cabal-tmp-40230/profunctors-5.2'
Configuring profunctors-5.2...
Building profunctors-5.2...
Preprocessing library profunctors-5.2...
[ 1 of 15] Compiling Data.Profunctor.Unsafe ( src/Data/Profunctor/Unsafe.hs, dist/dist-sandbox-a79a4d0f/build/Data/Profunctor/Unsafe.o )
[ 2 of 15] Compiling Data.Profunctor.Types ( src/Data/Profunctor/Types.hs, dist/dist-sandbox-a79a4d0f/build/Data/Profunctor/Types.o )
[ 3 of 15] Compiling Data.Profunctor.Monad ( src/Data/Profunctor/Monad.hs, dist/dist-sandbox-a79a4d0f/build/Data/Profunctor/Monad.o )
[ 4 of 15] Compiling Data.Profunctor.Adjunction ( src/Data/Profunctor/Adjunction.hs, dist/dist-sandbox-a79a4d0f/build/Data/Profunctor/Adjunction.o )
[ 5 of 15] Compiling Data.Profunctor.Strong ( src/Data/Profunctor/Strong.hs, dist/dist-sandbox-a79a4d0f/build/Data/Profunctor/Strong.o )
[ 6 of 15] Compiling Data.Profunctor.Choice ( src/Data/Profunctor/Choice.hs, dist/dist-sandbox-a79a4d0f/build/Data/Profunctor/Choice.o )
[ 7 of 15] Compiling Data.Profunctor.Closed ( src/Data/Profunctor/Closed.hs, dist/dist-sandbox-a79a4d0f/build/Data/Profunctor/Closed.o )
[ 8 of 15] Compiling Data.Profunctor.Traversing ( src/Data/Profunctor/Traversing.hs, dist/dist-sandbox-a79a4d0f/build/Data/Profunctor/Traversing.o )
[ 9 of 15] Compiling Data.Profunctor.Mapping ( src/Data/Profunctor/Mapping.hs, dist/dist-sandbox-a79a4d0f/build/Data/Profunctor/Mapping.o )
[10 of 15] Compiling Data.Profunctor  ( src/Data/Profunctor.hs, dist/dist-sandbox-a79a4d0f/build/Data/Profunctor.o )
[11 of 15] Compiling Data.Profunctor.Cayley ( src/Data/Profunctor/Cayley.hs, dist/dist-sandbox-a79a4d0f/build/Data/Profunctor/Cayley.o )
[12 of 15] Compiling Data.Profunctor.Sieve ( src/Data/Profunctor/Sieve.hs, dist/dist-sandbox-a79a4d0f/build/Data/Profunctor/Sieve.o )
[13 of 15] Compiling Data.Profunctor.Rep ( src/Data/Profunctor/Rep.hs, dist/dist-sandbox-a79a4d0f/build/Data/Profunctor/Rep.o )
[14 of 15] Compiling Data.Profunctor.Composition ( src/Data/Profunctor/Composition.hs, dist/dist-sandbox-a79a4d0f/build/Data/Profunctor/Composition.o )
[15 of 15] Compiling Data.Profunctor.Ran ( src/Data/Profunctor/Ran.hs, dist/dist-sandbox-a79a4d0f/build/Data/Profunctor/Ran.o )
[ 1 of 15] Compiling Data.Profunctor.Unsafe ( src/Data/Profunctor/Unsafe.hs, dist/dist-sandbox-a79a4d0f/build/Data/Profunctor/Unsafe.p_o )
[ 2 of 15] Compiling Data.Profunctor.Types ( src/Data/Profunctor/Types.hs, dist/dist-sandbox-a79a4d0f/build/Data/Profunctor/Types.p_o )
[ 3 of 15] Compiling Data.Profunctor.Monad ( src/Data/Profunctor/Monad.hs, dist/dist-sandbox-a79a4d0f/build/Data/Profunctor/Monad.p_o )
[ 4 of 15] Compiling Data.Profunctor.Adjunction ( src/Data/Profunctor/Adjunction.hs, dist/dist-sandbox-a79a4d0f/build/Data/Profunctor/Adjunction.p_o )
[ 5 of 15] Compiling Data.Profunctor.Strong ( src/Data/Profunctor/Strong.hs, dist/dist-sandbox-a79a4d0f/build/Data/Profunctor/Strong.p_o )
[ 6 of 15] Compiling Data.Profunctor.Choice ( src/Data/Profunctor/Choice.hs, dist/dist-sandbox-a79a4d0f/build/Data/Profunctor/Choice.p_o )
[ 7 of 15] Compiling Data.Profunctor.Closed ( src/Data/Profunctor/Closed.hs, dist/dist-sandbox-a79a4d0f/build/Data/Profunctor/Closed.p_o )
[ 8 of 15] Compiling Data.Profunctor.Traversing ( src/Data/Profunctor/Traversing.hs, dist/dist-sandbox-a79a4d0f/build/Data/Profunctor/Traversing.p_o )
[ 9 of 15] Compiling Data.Profunctor.Mapping ( src/Data/Profunctor/Mapping.hs, dist/dist-sandbox-a79a4d0f/build/Data/Profunctor/Mapping.p_o )
[10 of 15] Compiling Data.Profunctor  ( src/Data/Profunctor.hs, dist/dist-sandbox-a79a4d0f/build/Data/Profunctor.p_o )
[11 of 15] Compiling Data.Profunctor.Cayley ( src/Data/Profunctor/Cayley.hs, dist/dist-sandbox-a79a4d0f/build/Data/Profunctor/Cayley.p_o )
[12 of 15] Compiling Data.Profunctor.Sieve ( src/Data/Profunctor/Sieve.hs, dist/dist-sandbox-a79a4d0f/build/Data/Profunctor/Sieve.p_o )
[13 of 15] Compiling Data.Profunctor.Rep ( src/Data/Profunctor/Rep.hs, dist/dist-sandbox-a79a4d0f/build/Data/Profunctor/Rep.p_o )
[14 of 15] Compiling Data.Profunctor.Composition ( src/Data/Profunctor/Composition.hs, dist/dist-sandbox-a79a4d0f/build/Data/Profunctor/Composition.p_o )
[15 of 15] Compiling Data.Profunctor.Ran ( src/Data/Profunctor/Ran.hs, dist/dist-sandbox-a79a4d0f/build/Data/Profunctor/Ran.p_o )
Running Haddock for profunctors-5.2...
Preprocessing library profunctors-5.2...
Haddock coverage:
 100% (  3 /  3) in 'Data.Profunctor.Unsafe'
  71% (  5 /  7) in 'Data.Profunctor.Types'
  Missing documentation for:
    Forget (src/Data/Profunctor/Types.hs:209)
    :-> (src/Data/Profunctor/Types.hs:57)
   9% (  1 / 11) in 'Data.Profunctor.Monad'
  Missing documentation for:
    ProfunctorFunctor (src/Data/Profunctor/Monad.hs:22)
     (src/Data/Profunctor/Monad.hs:25)
     (src/Data/Profunctor/Monad.hs:28)
     (src/Data/Profunctor/Monad.hs:31)
    ProfunctorMonad (src/Data/Profunctor/Monad.hs:35)
     (src/Data/Profunctor/Monad.hs:42)
     (src/Data/Profunctor/Monad.hs:47)
    ProfunctorComonad (src/Data/Profunctor/Monad.hs:52)
     (src/Data/Profunctor/Monad.hs:56)
     (src/Data/Profunctor/Monad.hs:60)
  50% (  1 /  2) in 'Data.Profunctor.Adjunction'
  Missing documentation for:
    ProfunctorAdjunction (src/Data/Profunctor/Adjunction.hs:20)
  93% ( 13 / 14) in 'Data.Profunctor.Strong'
  Missing documentation for:
    uncurry' (src/Data/Profunctor/Strong.hs:78)
  92% ( 12 / 13) in 'Data.Profunctor.Choice'
  Missing documentation for:
    Cochoice (src/Data/Profunctor/Choice.hs:260)
  71% (  5 /  7) in 'Data.Profunctor.Closed'
  Missing documentation for:
    Environment (src/Data/Profunctor/Closed.hs:175)
    curry' (src/Data/Profunctor/Closed.hs:84)
  40% (  4 / 10) in 'Data.Profunctor.Traversing'
  Missing documentation for:
    Module header
    CofreeTraversing (src/Data/Profunctor/Traversing.hs:108)
    firstTraversing (src/Data/Profunctor/Traversing.hs:35)
    secondTraversing (src/Data/Profunctor/Traversing.hs:38)
    leftTraversing (src/Data/Profunctor/Traversing.hs:44)
    rightTraversing (src/Data/Profunctor/Traversing.hs:47)
  29% (  2 /  7) in 'Data.Profunctor.Mapping'
  Missing documentation for:
    Module header
    Mapping (src/Data/Profunctor/Mapping.hs:28)
    CofreeMapping (src/Data/Profunctor/Mapping.hs:47)
    traverseMapping (src/Data/Profunctor/Mapping.hs:41)
    closedMapping (src/Data/Profunctor/Mapping.hs:44)
  70% ( 14 / 20) in 'Data.Profunctor'
  Missing documentation for:
    uncurry' (src/Data/Profunctor/Strong.hs:78)
    curry' (src/Data/Profunctor/Closed.hs:84)
    Mapping (src/Data/Profunctor/Mapping.hs:28)
    Cochoice (src/Data/Profunctor/Choice.hs:260)
    Forget (src/Data/Profunctor/Types.hs:209)
    :-> (src/Data/Profunctor/Types.hs:57)
  21% (  3 / 14) in 'Data.Profunctor.Cayley'
  Missing documentation for:
    Cayley (src/Data/Profunctor/Cayley.hs:28)
     (src/Data/Profunctor/Cayley.hs:30)
     (src/Data/Profunctor/Cayley.hs:43)
     (src/Data/Profunctor/Cayley.hs:50)
     (src/Data/Profunctor/Cayley.hs:54)
     (src/Data/Profunctor/Cayley.hs:58)
     (src/Data/Profunctor/Cayley.hs:62)
     (src/Data/Profunctor/Cayley.hs:69)
     (src/Data/Profunctor/Cayley.hs:75)
     (src/Data/Profunctor/Cayley.hs:78)
     (src/Data/Profunctor/Cayley.hs:81)
 100% (  3 /  3) in 'Data.Profunctor.Sieve'
  67% ( 16 / 24) in 'Data.Profunctor.Rep'
  Missing documentation for:
    prepAdj (src/Data/Profunctor/Rep.hs:187)
    unprepAdj (src/Data/Profunctor/Rep.hs:190)
    prepUnit (src/Data/Profunctor/Rep.hs:193)
    prepCounit (src/Data/Profunctor/Rep.hs:196)
    Coprep (src/Data/Profunctor/Rep.hs:203)
    uncoprepAdj (src/Data/Profunctor/Rep.hs:218)
    coprepUnit (src/Data/Profunctor/Rep.hs:221)
    coprepCounit (src/Data/Profunctor/Rep.hs:224)
  89% ( 17 / 19) in 'Data.Profunctor.Composition'
  Missing documentation for:
    procomposed (src/Data/Profunctor/Composition.hs:76)
    mu (src/Data/Profunctor/Composition.hs:289)
  50% (  4 /  8) in 'Data.Profunctor.Ran'
  Missing documentation for:
    precomposeRan (src/Data/Profunctor/Ran.hs:79)
    curryRan (src/Data/Profunctor/Ran.hs:83)
    uncurryRan (src/Data/Profunctor/Ran.hs:87)
    decomposeCodensity (src/Data/Profunctor/Ran.hs:120)
Warning: Data.Profunctor.Rep: could not find link destinations for:
    Iso
Warning: Data.Profunctor.Composition: could not find link destinations for:
    Iso ~
Warning: Data.Profunctor.Ran: could not find link destinations for:
    ~
Documentation created:
dist/dist-sandbox-a79a4d0f/doc/html/profunctors/index.html
Creating package registration file:
/var/folders/r2/fkb2g5z955n8j3wd2dwnhzt40000gn/T/pkgConf-profunctors-51168120094298918984.2
Installing library in
/Users/william/Documents/Projects/HMath/.cabal-sandbox/lib/x86_64-osx-ghc-8.0.2/profunctors-5.2-HtLnSqoCHpc1kWz6BVdGqF
Registering profunctors-5.2...
cabal: Leaving directory '/var/folders/r2/fkb2g5z955n8j3wd2dwnhzt40000gn/T/cabal-tmp-40230/profunctors-5.2'
