cabal: Entering directory '/var/folders/r2/fkb2g5z955n8j3wd2dwnhzt40000gn/T/cabal-tmp-14743/tagged-0.8.5'
Configuring tagged-0.8.5...
Building tagged-0.8.5...
Preprocessing library tagged-0.8.5...
[1 of 2] Compiling Data.Tagged      ( src/Data/Tagged.hs, dist/dist-sandbox-a79a4d0f/build/Data/Tagged.o )
[2 of 2] Compiling Data.Proxy.TH    ( src/Data/Proxy/TH.hs, dist/dist-sandbox-a79a4d0f/build/Data/Proxy/TH.o )
[1 of 2] Compiling Data.Tagged      ( src/Data/Tagged.hs, dist/dist-sandbox-a79a4d0f/build/Data/Tagged.p_o )
[2 of 2] Compiling Data.Proxy.TH    ( src/Data/Proxy/TH.hs, dist/dist-sandbox-a79a4d0f/build/Data/Proxy/TH.p_o )
Running Haddock for tagged-0.8.5...
Preprocessing library tagged-0.8.5...
Haddock coverage:
  93% ( 14 / 15) in 'Data.Tagged'
  Missing documentation for:
    witness (src/Data/Tagged.hs:451)
  67% (  2 /  3) in 'Data.Proxy.TH'
  Missing documentation for:
    Module header
Warning: Data.Tagged: could not find link destinations for:
    unsafeIndex unsafeRangeSize
Documentation created: dist/dist-sandbox-a79a4d0f/doc/html/tagged/index.html
Creating package registration file:
/var/folders/r2/fkb2g5z955n8j3wd2dwnhzt40000gn/T/pkgConf-tagged-0.816460350011025921153.5
Installing library in
/Users/william/Documents/Projects/HMath/.cabal-sandbox/lib/x86_64-osx-ghc-8.0.2/tagged-0.8.5-jDBtbBndklGIlXZjVMhpH
Registering tagged-0.8.5...
cabal: Leaving directory '/var/folders/r2/fkb2g5z955n8j3wd2dwnhzt40000gn/T/cabal-tmp-14743/tagged-0.8.5'
